Sep-05 10:20:56.030 [main] DEBUG nextflow.cli.Launcher - $> nextflow run workflow.nf
Sep-05 10:20:56.175 [main] DEBUG nextflow.cli.CmdRun - N E X T F L O W  ~  version 24.04.4
Sep-05 10:20:56.210 [main] DEBUG nextflow.plugin.PluginsFacade - Setting up plugin manager > mode=prod; embedded=false; plugins-dir=/home/kothai/.nextflow/plugins; core-plugins: nf-amazon@2.5.3,nf-azure@1.6.1,nf-cloudcache@0.4.1,nf-codecommit@0.2.1,nf-console@1.1.3,nf-ga4gh@1.3.0,nf-google@1.13.2-patch1,nf-tower@1.9.1,nf-wave@1.4.2-patch1
Sep-05 10:20:56.226 [main] INFO  o.pf4j.DefaultPluginStatusProvider - Enabled plugins: []
Sep-05 10:20:56.227 [main] INFO  o.pf4j.DefaultPluginStatusProvider - Disabled plugins: []
Sep-05 10:20:56.229 [main] INFO  org.pf4j.DefaultPluginManager - PF4J version 3.12.0 in 'deployment' mode
Sep-05 10:20:56.257 [main] INFO  org.pf4j.AbstractPluginManager - No plugins
Sep-05 10:20:56.354 [main] DEBUG nextflow.cli.CmdRun - Applied DSL=2 from script declaration
Sep-05 10:20:56.392 [main] DEBUG nextflow.cli.CmdRun - Launching `workflow.nf` [scruffy_goodall] DSL2 - revision: 52a7e42414
Sep-05 10:20:56.394 [main] DEBUG nextflow.plugin.PluginsFacade - Plugins default=[]
Sep-05 10:20:56.394 [main] DEBUG nextflow.plugin.PluginsFacade - Plugins resolved requirement=[]
Sep-05 10:20:56.517 [main] DEBUG nextflow.Session - Session UUID: 7ccd3c67-d901-46ef-b14e-391395803615
Sep-05 10:20:56.518 [main] DEBUG nextflow.Session - Run name: scruffy_goodall
Sep-05 10:20:56.518 [main] DEBUG nextflow.Session - Executor pool size: 12
Sep-05 10:20:56.547 [main] DEBUG nextflow.file.FilePorter - File porter settings maxRetries=3; maxTransfers=50; pollTimeout=null
Sep-05 10:20:56.561 [main] DEBUG nextflow.util.ThreadPoolBuilder - Creating thread pool 'FileTransfer' minSize=10; maxSize=36; workQueue=LinkedBlockingQueue[10000]; allowCoreThreadTimeout=false
Sep-05 10:20:56.637 [main] DEBUG nextflow.cli.CmdRun - 
  Version: 24.04.4 build 5917
  Created: 01-08-2024 07:05 UTC (09:05 CEST)
  System: Linux 5.15.153.1-microsoft-standard-WSL2
  Runtime: Groovy 4.0.21 on OpenJDK 64-Bit Server VM 11.0.24+8-post-Ubuntu-1ubuntu322.04
  Encoding: UTF-8 (UTF-8)
  Process: 217757@DESKTOP-RVM9K13 [127.0.1.1]
  CPUs: 12 - Mem: 31.2 GB (29.8 GB) - Swap: 8 GB (8 GB)
Sep-05 10:20:56.685 [main] DEBUG nextflow.Session - Work-dir: /home/kothai/cq-git-sample/Nextflow/work [ext2/ext3]
Sep-05 10:20:56.686 [main] DEBUG nextflow.Session - Script base path does not exist or is not a directory: /home/kothai/cq-git-sample/Nextflow/bin
Sep-05 10:20:56.709 [main] DEBUG nextflow.executor.ExecutorFactory - Extension executors providers=[]
Sep-05 10:20:56.746 [main] DEBUG nextflow.Session - Observer factory: DefaultObserverFactory
Sep-05 10:20:56.791 [main] DEBUG nextflow.cache.CacheFactory - Using Nextflow cache factory: nextflow.cache.DefaultCacheFactory
Sep-05 10:20:56.819 [main] DEBUG nextflow.util.CustomThreadPool - Creating default thread pool > poolSize: 13; maxThreads: 1000
Sep-05 10:20:56.941 [main] DEBUG nextflow.Session - Session start
Sep-05 10:20:57.624 [main] DEBUG nextflow.script.ScriptRunner - > Launching execution
Sep-05 10:20:57.640 [main] DEBUG n.secret.LocalSecretsProvider - Secrets store: /home/kothai/.nextflow/secrets/store.json
Sep-05 10:20:57.651 [main] DEBUG nextflow.secret.SecretsLoader - Discovered secrets providers: [nextflow.secret.LocalSecretsProvider@6cfbbff7] - activable => nextflow.secret.LocalSecretsProvider@6cfbbff7
Sep-05 10:20:57.777 [main] DEBUG nextflow.executor.ExecutorFactory - << taskConfig executor: null
Sep-05 10:20:57.778 [main] DEBUG nextflow.executor.ExecutorFactory - >> processorType: 'local'
Sep-05 10:20:57.788 [main] DEBUG nextflow.executor.Executor - [warm up] executor > local
Sep-05 10:20:57.796 [main] DEBUG n.processor.LocalPollingMonitor - Creating local task monitor for executor 'local' > cpus=12; memory=31.2 GB; capacity=12; pollInterval=100ms; dumpInterval=5m
Sep-05 10:20:57.800 [main] DEBUG n.processor.TaskPollingMonitor - >>> barrier register (monitor: local)
Sep-05 10:20:57.981 [main] DEBUG nextflow.executor.ExecutorFactory - << taskConfig executor: null
Sep-05 10:20:57.982 [main] DEBUG nextflow.executor.ExecutorFactory - >> processorType: 'local'
Sep-05 10:20:57.994 [main] DEBUG nextflow.Session - Workflow process names [dsl2]: downloadFile, countSequences
Sep-05 10:20:57.995 [main] DEBUG nextflow.Session - Igniting dataflow network (2)
Sep-05 10:20:57.996 [main] DEBUG nextflow.processor.TaskProcessor - Starting process > downloadFile
Sep-05 10:20:57.997 [main] DEBUG nextflow.processor.TaskProcessor - Starting process > countSequences
Sep-05 10:20:58.002 [main] DEBUG nextflow.script.ScriptRunner - Parsed script files:
  Script_7ae0cb51d4f3abc9: /home/kothai/cq-git-sample/Nextflow/workflow.nf
Sep-05 10:20:58.002 [main] DEBUG nextflow.script.ScriptRunner - > Awaiting termination 
Sep-05 10:20:58.002 [main] DEBUG nextflow.Session - Session await
Sep-05 10:20:58.353 [Task submitter] DEBUG n.executor.local.LocalTaskHandler - Launch cmd line: /bin/bash -ue .command.run
Sep-05 10:20:58.360 [Task submitter] INFO  nextflow.Session - [f4/9bda11] Submitted process > downloadFile
Sep-05 10:21:10.963 [Task monitor] DEBUG n.processor.TaskPollingMonitor - Task completed > TaskHandler[id: 1; name: downloadFile; status: COMPLETED; exit: 0; error: -; workDir: /home/kothai/cq-git-sample/Nextflow/work/f4/9bda119a3d930140111e30be650159]
Sep-05 10:21:10.965 [Task monitor] DEBUG nextflow.util.ThreadPoolBuilder - Creating thread pool 'TaskFinalizer' minSize=10; maxSize=36; workQueue=LinkedBlockingQueue[10000]; allowCoreThreadTimeout=false
Sep-05 10:21:11.031 [TaskFinalizer-1] DEBUG nextflow.util.ThreadPoolBuilder - Creating thread pool 'PublishDir' minSize=10; maxSize=36; workQueue=LinkedBlockingQueue[10000]; allowCoreThreadTimeout=false
Sep-05 10:21:11.058 [Task submitter] DEBUG n.executor.local.LocalTaskHandler - Launch cmd line: /bin/bash -ue .command.run
Sep-05 10:21:11.059 [Task submitter] INFO  nextflow.Session - [6d/52b793] Submitted process > countSequences
Sep-05 10:21:11.088 [Task monitor] DEBUG n.processor.TaskPollingMonitor - Task completed > TaskHandler[id: 2; name: countSequences; status: COMPLETED; exit: 0; error: -; workDir: /home/kothai/cq-git-sample/Nextflow/work/6d/52b793266db003e3508403f6367109]
Sep-05 10:21:11.094 [main] DEBUG nextflow.Session - Session await > all processes finished
Sep-05 10:21:11.183 [Task monitor] DEBUG n.processor.TaskPollingMonitor - <<< barrier arrives (monitor: local) - terminating tasks monitor poll loop
Sep-05 10:21:11.183 [main] DEBUG nextflow.Session - Session await > all barriers passed
Sep-05 10:21:11.187 [main] DEBUG nextflow.util.ThreadPoolManager - Thread pool 'TaskFinalizer' shutdown completed (hard=false)
Sep-05 10:21:11.188 [main] DEBUG nextflow.util.ThreadPoolManager - Thread pool 'PublishDir' shutdown completed (hard=false)
Sep-05 10:21:11.199 [main] DEBUG n.trace.WorkflowStatsObserver - Workflow completed > WorkflowStats[succeededCount=2; failedCount=0; ignoredCount=0; cachedCount=0; pendingCount=0; submittedCount=0; runningCount=0; retriesCount=0; abortedCount=0; succeedDuration=12.5s; failedDuration=0ms; cachedDuration=0ms;loadCpus=0; loadMemory=0; peakRunning=1; peakCpus=1; peakMemory=0; ]
Sep-05 10:21:11.243 [main] DEBUG nextflow.cache.CacheDB - Closing CacheDB done
Sep-05 10:21:11.261 [main] DEBUG nextflow.util.ThreadPoolManager - Thread pool 'FileTransfer' shutdown completed (hard=false)
Sep-05 10:21:11.261 [main] DEBUG nextflow.script.ScriptRunner - > Execution complete -- Goodbye
